<?xml version="1.0" encoding="UTF-8"?>
<!-- Generated by org.testng.reporters.JUnitXMLReporter -->
<testsuite ignored="0" hostname="LAPTOP-GAUPM6CM" failures="0" tests="3" name="Default test" time="0.051" errors="0" timestamp="2024-10-17T21:38:56 IST">
  <testcase classname="testng.AdactinApp" name="forgotPasswordTest" time="0.007"/>
  <testcase classname="testng.AdactinApp" name="loginTest" time="0.001"/>
  <testcase classname="testng.AdactinApp" name="registrationTest" time="0.003"/>
</testsuite> <!-- Default test -->
